<component name="libraryTable">
  <library name="junit-jupiter-api-5.11.0 (3)">
    <CLASSES>
      <root url="jar://$PROJECT_DIR$/Test/lib/junit-jupiter-api-5.11.0.jar!/" />
      <root url="jar://$PROJECT_DIR$/Test/lib/junit-platform-commons-1.11.0.jar!/" />
      <root url="jar://$PROJECT_DIR$/Test/lib/junit-platform-engine-1.11.0.jar!/" />
    </CLASSES>
    <JAVADOC />
    <SOURCES />
  </library>
</component>